

/******************************************************************************************
* WriteStepFile diagnostics.
* Date:                           Fri Nov 10 20:34:51 2017 
* Produced by:                    The EXPRESS Data Manager Version 5.02.0100.07 : 28 Aug 2013
* Module:                         EDMstepFileFactory/EDMstandAlone
* Host:                           PC-pai
* Database:                       C:\Users\ADMINI~1\AppData\Local\Temp\{434CBEED-3FDC-41EF-9270-B407AAC7459D}\ifc
* Database version:               5507
* Database creation date:         Fri Nov 10 20:34:47 2017
* Model:                          DataRepository.ifc
* Model creation date:            Fri Nov 10 20:34:47 2017
* Header model:                   DataRepository.ifc_HeaderModel
* Header model creation date:     Fri Nov 10 20:34:47 2017
* Step file:                      {A8FFA39F-74D0-4AEB-89B5-E3F9061D787B}.ifc
* EDMuser:                        sdai-user
* EDMgroup:                       sdai-group
* License ID and type:            5605 : Permanent license. Expiry date: 
* EDMstepFileFactory options:     020000
******************************************************************************************/


------------------------------------------------------------------------------------------------
Operation terminated successfully.
------------------------------------------------------------------------------------------------

